Using pre-set license
Built from '2021.3/staging' branch; Version is '2021.3.11f1 (0a5ca18544bf) revision 679073'; Using compiler version '192829333'; Build Type 'Release'
OS: 'Windows 10  (10.0.19044) 64bit Professional' Language: 'it' Physical Memory: 7647 MB
BatchMode: 1, IsHumanControllingUs: 0, StartBugReporterOnCrash: 0, Is64bit: 1, IsPro: 1

COMMAND LINE ARGUMENTS:
C:\Program Files\Unity\Hub\Editor\2021.3.11f1\Editor\Unity.exe
-adb2
-batchMode
-noUpm
-name
AssetImportWorker2
-projectPath
C:/Users/simone.luca/Documents/GitHub/Il-Mio-Corpo/IlMioCorpo
-logFile
Logs/AssetImportWorker2.log
-srvPort
55574
Successfully changed project path to: C:/Users/simone.luca/Documents/GitHub/Il-Mio-Corpo/IlMioCorpo
C:/Users/simone.luca/Documents/GitHub/Il-Mio-Corpo/IlMioCorpo
[UnityMemory] Configuration Parameters - Can be set up in boot.config
    "memorysetup-bucket-allocator-granularity=16"
    "memorysetup-bucket-allocator-bucket-count=8"
    "memorysetup-bucket-allocator-block-size=33554432"
    "memorysetup-bucket-allocator-block-count=8"
    "memorysetup-main-allocator-block-size=16777216"
    "memorysetup-thread-allocator-block-size=16777216"
    "memorysetup-gfx-main-allocator-block-size=16777216"
    "memorysetup-gfx-thread-allocator-block-size=16777216"
    "memorysetup-cache-allocator-block-size=4194304"
    "memorysetup-typetree-allocator-block-size=2097152"
    "memorysetup-profiler-bucket-allocator-granularity=16"
    "memorysetup-profiler-bucket-allocator-bucket-count=8"
    "memorysetup-profiler-bucket-allocator-block-size=33554432"
    "memorysetup-profiler-bucket-allocator-block-count=8"
    "memorysetup-profiler-allocator-block-size=16777216"
    "memorysetup-profiler-editor-allocator-block-size=1048576"
    "memorysetup-temp-allocator-size-main=16777216"
    "memorysetup-job-temp-allocator-block-size=2097152"
    "memorysetup-job-temp-allocator-block-size-background=1048576"
    "memorysetup-job-temp-allocator-reduction-small-platforms=262144"
    "memorysetup-temp-allocator-size-background-worker=32768"
    "memorysetup-temp-allocator-size-job-worker=262144"
    "memorysetup-temp-allocator-size-preload-manager=33554432"
    "memorysetup-temp-allocator-size-nav-mesh-worker=65536"
    "memorysetup-temp-allocator-size-audio-worker=65536"
    "memorysetup-temp-allocator-size-cloud-worker=32768"
    "memorysetup-temp-allocator-size-gi-baking-worker=262144"
    "memorysetup-temp-allocator-size-gfx=262144"
Refreshing native plugins compatible for Editor in 486.52 ms, found 3 plugins.
Preloading 0 native plugins for Editor in 0.00 ms.
Initialize engine version: 2021.3.11f1 (0a5ca18544bf)
[Subsystems] Discovering subsystems at path C:/Program Files/Unity/Hub/Editor/2021.3.11f1/Editor/Data/Resources/UnitySubsystems
[Subsystems] Discovering subsystems at path C:/Users/simone.luca/Documents/GitHub/Il-Mio-Corpo/IlMioCorpo/Assets
GfxDevice: creating device client; threaded=0; jobified=0
Direct3D:
    Version:  Direct3D 11.0 [level 11.1]
    Renderer: Intel(R) HD Graphics 620 (ID=0x5916)
    Vendor:   Intel
    VRAM:     3823 MB
    Driver:   26.20.100.7810
Initialize mono
Mono path[0] = 'C:/Program Files/Unity/Hub/Editor/2021.3.11f1/Editor/Data/Managed'
Mono path[1] = 'C:/Program Files/Unity/Hub/Editor/2021.3.11f1/Editor/Data/MonoBleedingEdge/lib/mono/unityjit-win32'
Mono config path = 'C:/Program Files/Unity/Hub/Editor/2021.3.11f1/Editor/Data/MonoBleedingEdge/etc'
Using monoOptions --debugger-agent=transport=dt_socket,embedding=1,server=y,suspend=n,address=127.0.0.1:56428
Begin MonoManager ReloadAssembly
Registering precompiled unity dll's ...
Register platform support module: C:/Program Files/Unity/Hub/Editor/2021.3.11f1/Editor/Data/PlaybackEngines/WebGLSupport/UnityEditor.WebGL.Extensions.dll
Register platform support module: C:/Program Files/Unity/Hub/Editor/2021.3.11f1/Editor/Data/PlaybackEngines/AndroidPlayer/UnityEditor.Android.Extensions.dll
Register platform support module: C:/Program Files/Unity/Hub/Editor/2021.3.11f1/Editor/Data/PlaybackEngines/WindowsStandaloneSupport/UnityEditor.WindowsStandalone.Extensions.dll
Registered in 0.063559 seconds.
Native extension for WindowsStandalone target not found
Native extension for Android target not found
Native extension for WebGL target not found
Refreshing native plugins compatible for Editor in 586.17 ms, found 3 plugins.
Preloading 0 native plugins for Editor in 0.00 ms.
Mono: successfully reloaded assembly
- Completed reload, in  5.937 seconds
Domain Reload Profiling:
	ReloadAssembly (5947ms)
		BeginReloadAssembly (529ms)
			ExecutionOrderSort (0ms)
			DisableScriptedObjects (0ms)
			BackupInstance (0ms)
			ReleaseScriptingObjects (0ms)
			CreateAndSetChildDomain (4ms)
		EndReloadAssembly (4254ms)
			LoadAssemblies (520ms)
			RebuildTransferFunctionScriptingTraits (0ms)
			SetupTypeCache (848ms)
			ReleaseScriptCaches (0ms)
			RebuildScriptCaches (228ms)
			SetupLoadedEditorAssemblies (2784ms)
				LogAssemblyErrors (0ms)
				InitializePlatformSupportModulesInManaged (472ms)
				SetLoadedEditorAssemblies (1ms)
				RefreshPlugins (589ms)
				BeforeProcessingInitializeOnLoad (8ms)
				ProcessInitializeOnLoadAttributes (1043ms)
				ProcessInitializeOnLoadMethodAttributes (670ms)
				AfterProcessingInitializeOnLoad (0ms)
				EditorAssembliesLoaded (1ms)
			ExecutionOrderSort2 (0ms)
			AwakeInstancesAfterBackupRestoration (0ms)
Platform modules already initialized, skipping
Registering precompiled user dll's ...
Registered in 0.080967 seconds.
Android Extension - Scanning For ADB Devices 10599 ms
Begin MonoManager ReloadAssembly
Symbol file data-000001FF39C7D050 doesn't match image C:\Users\simone.luca\Documents\GitHub\Il-Mio-Corpo\IlMioCorpo\Library\ScriptAssemblies\Assembly-CSharp.dll
Symbol file LoadedFromMemory is not a mono symbol file
Symbol file LoadedFromMemory doesn't match image C:\Users\simone.luca\Documents\GitHub\Il-Mio-Corpo\IlMioCorpo\Library\PackageCache\com.unity.visualscripting@1.7.8\Editor\VisualScripting.Core\Dependencies\YamlDotNet\Unity.VisualScripting.YamlDotNet.dll
Symbol file LoadedFromMemory doesn't match image C:\Users\simone.luca\Documents\GitHub\Il-Mio-Corpo\IlMioCorpo\Library\PackageCache\com.unity.visualscripting@1.7.8\Editor\VisualScripting.Core\Dependencies\DotNetZip\Unity.VisualScripting.IonicZip.dll
Native extension for WindowsStandalone target not found
Native extension for Android target not found
Native extension for WebGL target not found
Refreshing native plugins compatible for Editor in 6.48 ms, found 3 plugins.
Preloading 0 native plugins for Editor in 0.00 ms.
Mono: successfully reloaded assembly
- Completed reload, in  7.130 seconds
Domain Reload Profiling:
	ReloadAssembly (7131ms)
		BeginReloadAssembly (782ms)
			ExecutionOrderSort (0ms)
			DisableScriptedObjects (36ms)
			BackupInstance (0ms)
			ReleaseScriptingObjects (0ms)
			CreateAndSetChildDomain (126ms)
		EndReloadAssembly (5499ms)
			LoadAssemblies (573ms)
			RebuildTransferFunctionScriptingTraits (0ms)
			SetupTypeCache (2269ms)
			ReleaseScriptCaches (3ms)
			RebuildScriptCaches (466ms)
			SetupLoadedEditorAssemblies (1762ms)
				LogAssemblyErrors (0ms)
				InitializePlatformSupportModulesInManaged (125ms)
				SetLoadedEditorAssemblies (2ms)
				RefreshPlugins (7ms)
				BeforeProcessingInitializeOnLoad (628ms)
				ProcessInitializeOnLoadAttributes (950ms)
				ProcessInitializeOnLoadMethodAttributes (40ms)
				AfterProcessingInitializeOnLoad (11ms)
				EditorAssembliesLoaded (1ms)
			ExecutionOrderSort2 (0ms)
			AwakeInstancesAfterBackupRestoration (9ms)
Platform modules already initialized, skipping
========================================================================
Worker process is ready to serve import requests
Launched and connected shader compiler UnityShaderCompiler.exe after 0.08 seconds
Refreshing native plugins compatible for Editor in 0.74 ms, found 3 plugins.
Preloading 0 native plugins for Editor in 0.00 ms.
Unloading 3452 Unused Serialized files (Serialized files now loaded: 0)
Unloading 27 unused Assets / (113.4 KB). Loaded Objects now: 3918.
Memory consumption went from 123.2 MB to 123.1 MB.
Total: 4.878600 ms (FindLiveObjects: 0.363500 ms CreateObjectMapping: 0.285900 ms MarkObjects: 4.088800 ms  DeleteObjects: 0.138800 ms)

AssetImportParameters requested are different than current active one (requested -> active):
  custom:video-decoder-ogg-theora: a1e56fd34408186e4bbccfd4996cb3dc -> 
  custom:container-muxer-webm: aa71ff27fc2769a1b78a27578f13a17b -> 
  custom:container-demuxer-webm: 4f35f7cbe854078d1ac9338744f61a02 -> 
  custom:video-encoder-webm-vp8: eb34c28f22e8b96e1ab97ce403110664 -> 
  custom:audio-encoder-webm-vorbis: bf7c407c2cedff20999df2af8eb42d56 -> 
  custom:framework-win-MediaFoundation: 216162199b28c13a410421893ffa2e32 -> 
  custom:container-demuxer-ogg: 62fdf1f143b41e24485cea50d1cbac27 -> 
  custom:video-decoder-webm-vp8: 9c59270c3fd7afecdb556c50c9e8de78 -> 
  custom:audio-decoder-ogg-vorbis: bf7c407c2cedff20999df2af8eb42d56 -> 
========================================================================
Received Import Request.
  Time since last request: 11514.580515 seconds.
  path: Assets/FortuneWheel/Scripts/FortuneWheel.cs
  artifactKey: Guid(895a9c491ff9e55489c8c791bce840d3) Importer(815301076,1909f56bfc062723c751e8b465ee728b)
Start importing Assets/FortuneWheel/Scripts/FortuneWheel.cs using Guid(895a9c491ff9e55489c8c791bce840d3) Importer(815301076,1909f56bfc062723c751e8b465ee728b)  -> (artifact id: '326c662f369590da782978b2858bf2c8') in 0.031667 seconds 
========================================================================
Received Prepare
Registering precompiled user dll's ...
Registered in 0.018965 seconds.
Begin MonoManager ReloadAssembly
Symbol file LoadedFromMemory doesn't match image C:\Users\simone.luca\Documents\GitHub\Il-Mio-Corpo\IlMioCorpo\Library\PackageCache\com.unity.visualscripting@1.7.8\Editor\VisualScripting.Core\Dependencies\YamlDotNet\Unity.VisualScripting.YamlDotNet.dll
Symbol file LoadedFromMemory doesn't match image C:\Users\simone.luca\Documents\GitHub\Il-Mio-Corpo\IlMioCorpo\Library\PackageCache\com.unity.visualscripting@1.7.8\Editor\VisualScripting.Core\Dependencies\DotNetZip\Unity.VisualScripting.IonicZip.dll
Native extension for WindowsStandalone target not found
Native extension for Android target not found
Native extension for WebGL target not found
Refreshing native plugins compatible for Editor in 0.70 ms, found 3 plugins.
Preloading 0 native plugins for Editor in 0.00 ms.
Mono: successfully reloaded assembly
- Completed reload, in  1.760 seconds
Domain Reload Profiling:
	ReloadAssembly (1760ms)
		BeginReloadAssembly (264ms)
			ExecutionOrderSort (0ms)
			DisableScriptedObjects (17ms)
			BackupInstance (0ms)
			ReleaseScriptingObjects (0ms)
			CreateAndSetChildDomain (70ms)
		EndReloadAssembly (1265ms)
			LoadAssemblies (131ms)
			RebuildTransferFunctionScriptingTraits (0ms)
			SetupTypeCache (380ms)
			ReleaseScriptCaches (1ms)
			RebuildScriptCaches (68ms)
			SetupLoadedEditorAssemblies (630ms)
				LogAssemblyErrors (0ms)
				InitializePlatformSupportModulesInManaged (40ms)
				SetLoadedEditorAssemblies (1ms)
				RefreshPlugins (1ms)
				BeforeProcessingInitializeOnLoad (106ms)
				ProcessInitializeOnLoadAttributes (428ms)
				ProcessInitializeOnLoadMethodAttributes (45ms)
				AfterProcessingInitializeOnLoad (9ms)
				EditorAssembliesLoaded (0ms)
			ExecutionOrderSort2 (0ms)
			AwakeInstancesAfterBackupRestoration (11ms)
Platform modules already initialized, skipping
Refreshing native plugins compatible for Editor in 2.61 ms, found 3 plugins.
Preloading 0 native plugins for Editor in 0.00 ms.
Unloading 3434 Unused Serialized files (Serialized files now loaded: 0)
Unloading 20 unused Assets / (80.0 KB). Loaded Objects now: 3921.
Memory consumption went from 121.9 MB to 121.9 MB.
Total: 3.720700 ms (FindLiveObjects: 0.445500 ms CreateObjectMapping: 0.249500 ms MarkObjects: 2.911800 ms  DeleteObjects: 0.112200 ms)

AssetImportParameters requested are different than current active one (requested -> active):
  custom:video-decoder-ogg-theora: a1e56fd34408186e4bbccfd4996cb3dc -> 
  custom:container-muxer-webm: aa71ff27fc2769a1b78a27578f13a17b -> 
  custom:container-demuxer-webm: 4f35f7cbe854078d1ac9338744f61a02 -> 
  custom:video-encoder-webm-vp8: eb34c28f22e8b96e1ab97ce403110664 -> 
  custom:audio-encoder-webm-vorbis: bf7c407c2cedff20999df2af8eb42d56 -> 
  custom:framework-win-MediaFoundation: 216162199b28c13a410421893ffa2e32 -> 
  custom:container-demuxer-ogg: 62fdf1f143b41e24485cea50d1cbac27 -> 
  custom:video-decoder-webm-vp8: 9c59270c3fd7afecdb556c50c9e8de78 -> 
  custom:audio-decoder-ogg-vorbis: bf7c407c2cedff20999df2af8eb42d56 -> 
========================================================================
Received Prepare
Registering precompiled user dll's ...
Registered in 0.017644 seconds.
Begin MonoManager ReloadAssembly
Symbol file LoadedFromMemory doesn't match image C:\Users\simone.luca\Documents\GitHub\Il-Mio-Corpo\IlMioCorpo\Library\PackageCache\com.unity.visualscripting@1.7.8\Editor\VisualScripting.Core\Dependencies\YamlDotNet\Unity.VisualScripting.YamlDotNet.dll
Symbol file LoadedFromMemory doesn't match image C:\Users\simone.luca\Documents\GitHub\Il-Mio-Corpo\IlMioCorpo\Library\PackageCache\com.unity.visualscripting@1.7.8\Editor\VisualScripting.Core\Dependencies\DotNetZip\Unity.VisualScripting.IonicZip.dll
Native extension for WindowsStandalone target not found
Native extension for Android target not found
Native extension for WebGL target not found
Refreshing native plugins compatible for Editor in 0.74 ms, found 3 plugins.
Preloading 0 native plugins for Editor in 0.00 ms.
Mono: successfully reloaded assembly
- Completed reload, in  1.440 seconds
Domain Reload Profiling:
	ReloadAssembly (1441ms)
		BeginReloadAssembly (262ms)
			ExecutionOrderSort (0ms)
			DisableScriptedObjects (13ms)
			BackupInstance (0ms)
			ReleaseScriptingObjects (0ms)
			CreateAndSetChildDomain (82ms)
		EndReloadAssembly (1051ms)
			LoadAssemblies (139ms)
			RebuildTransferFunctionScriptingTraits (0ms)
			SetupTypeCache (346ms)
			ReleaseScriptCaches (1ms)
			RebuildScriptCaches (52ms)
			SetupLoadedEditorAssemblies (491ms)
				LogAssemblyErrors (0ms)
				InitializePlatformSupportModulesInManaged (75ms)
				SetLoadedEditorAssemblies (1ms)
				RefreshPlugins (1ms)
				BeforeProcessingInitializeOnLoad (93ms)
				ProcessInitializeOnLoadAttributes (277ms)
				ProcessInitializeOnLoadMethodAttributes (34ms)
				AfterProcessingInitializeOnLoad (10ms)
				EditorAssembliesLoaded (0ms)
			ExecutionOrderSort2 (0ms)
			AwakeInstancesAfterBackupRestoration (9ms)
Platform modules already initialized, skipping
Refreshing native plugins compatible for Editor in 2.99 ms, found 3 plugins.
Preloading 0 native plugins for Editor in 0.00 ms.
Unloading 3434 Unused Serialized files (Serialized files now loaded: 0)
Unloading 20 unused Assets / (79.9 KB). Loaded Objects now: 3924.
Memory consumption went from 121.9 MB to 121.9 MB.
Total: 5.147700 ms (FindLiveObjects: 0.528800 ms CreateObjectMapping: 0.369100 ms MarkObjects: 4.124000 ms  DeleteObjects: 0.124700 ms)

AssetImportParameters requested are different than current active one (requested -> active):
  custom:video-decoder-ogg-theora: a1e56fd34408186e4bbccfd4996cb3dc -> 
  custom:container-muxer-webm: aa71ff27fc2769a1b78a27578f13a17b -> 
  custom:container-demuxer-webm: 4f35f7cbe854078d1ac9338744f61a02 -> 
  custom:video-encoder-webm-vp8: eb34c28f22e8b96e1ab97ce403110664 -> 
  custom:audio-encoder-webm-vorbis: bf7c407c2cedff20999df2af8eb42d56 -> 
  custom:framework-win-MediaFoundation: 216162199b28c13a410421893ffa2e32 -> 
  custom:container-demuxer-ogg: 62fdf1f143b41e24485cea50d1cbac27 -> 
  custom:video-decoder-webm-vp8: 9c59270c3fd7afecdb556c50c9e8de78 -> 
  custom:audio-decoder-ogg-vorbis: bf7c407c2cedff20999df2af8eb42d56 -> 
========================================================================
Received Import Request.
  Time since last request: 2472.898675 seconds.
  path: Assets/Images
  artifactKey: Guid(d54127c71ea601c4caaa1a60f9fa59c7) Importer(815301076,1909f56bfc062723c751e8b465ee728b)
Start importing Assets/Images using Guid(d54127c71ea601c4caaa1a60f9fa59c7) Importer(815301076,1909f56bfc062723c751e8b465ee728b)  -> (artifact id: 'ea48c13394f71a614e66c92a8f11b6cd') in 0.027438 seconds 
========================================================================
Received Import Request.
  Time since last request: 0.006646 seconds.
  path: Assets/Images/arrow.png
  artifactKey: Guid(c4dc230ff7a278146a0bb52d6f61860e) Importer(815301076,1909f56bfc062723c751e8b465ee728b)
Start importing Assets/Images/arrow.png using Guid(c4dc230ff7a278146a0bb52d6f61860e) Importer(815301076,1909f56bfc062723c751e8b465ee728b)  -> (artifact id: 'ba111a0f16f0cab1cb1808a6b9084625') in 0.411520 seconds 
========================================================================
Received Import Request.
  Time since last request: 0.000045 seconds.
  path: Assets/Images/MenuBackground.jpg
  artifactKey: Guid(9e59706ade821ba43a647fe4cf945f49) Importer(815301076,1909f56bfc062723c751e8b465ee728b)
Start importing Assets/Images/MenuBackground.jpg using Guid(9e59706ade821ba43a647fe4cf945f49) Importer(815301076,1909f56bfc062723c751e8b465ee728b)  -> (artifact id: '241d227b7ba48f2e8cf3f6493a43eb8a') in 0.177759 seconds 
========================================================================
Received Import Request.
  Time since last request: 0.000032 seconds.
  path: Assets/Images/info box.png
  artifactKey: Guid(c677bd69d6beba0479ea8e1735f50604) Importer(815301076,1909f56bfc062723c751e8b465ee728b)
Start importing Assets/Images/info box.png using Guid(c677bd69d6beba0479ea8e1735f50604) Importer(815301076,1909f56bfc062723c751e8b465ee728b)  -> (artifact id: 'cc2c15fb95eb5e76120d96c10b06d1d4') in 0.070864 seconds 
========================================================================
Received Import Request.
  Time since last request: 0.000030 seconds.
  path: Assets/Images/black line.png
  artifactKey: Guid(60e6e9c54e73fcf4fb0c4b00da88dc0e) Importer(815301076,1909f56bfc062723c751e8b465ee728b)
Start importing Assets/Images/black line.png using Guid(60e6e9c54e73fcf4fb0c4b00da88dc0e) Importer(815301076,1909f56bfc062723c751e8b465ee728b)  -> (artifact id: 'cc8b01be67c219c1a5045c0c1abbeab1') in 0.069934 seconds 
========================================================================
Received Import Request.
  Time since last request: 0.000030 seconds.
  path: Assets/Images/Magnifying Glass.png
  artifactKey: Guid(64fbb4d7a427b0741af32109b769a60f) Importer(815301076,1909f56bfc062723c751e8b465ee728b)
Start importing Assets/Images/Magnifying Glass.png using Guid(64fbb4d7a427b0741af32109b769a60f) Importer(815301076,1909f56bfc062723c751e8b465ee728b)  -> (artifact id: '66f3022dbb249ced9dde7b66b2cda118') in 0.355260 seconds 
========================================================================
Received Import Request.
  Time since last request: 0.000044 seconds.
  path: Assets/Images/speech-button.png
  artifactKey: Guid(6514284d17d1c484a9f43099e3cd8140) Importer(815301076,1909f56bfc062723c751e8b465ee728b)
Start importing Assets/Images/speech-button.png using Guid(6514284d17d1c484a9f43099e3cd8140) Importer(815301076,1909f56bfc062723c751e8b465ee728b)  -> (artifact id: '9259586a2287277dfb6fa9a49ca20541') in 0.141935 seconds 
========================================================================
Received Import Request.
  Time since last request: 0.000033 seconds.
  path: Assets/Images/question-mark-10946.png
  artifactKey: Guid(484c7e5377aa694498becb1e8bd5c5e4) Importer(815301076,1909f56bfc062723c751e8b465ee728b)
Start importing Assets/Images/question-mark-10946.png using Guid(484c7e5377aa694498becb1e8bd5c5e4) Importer(815301076,1909f56bfc062723c751e8b465ee728b)  -> (artifact id: 'fa8cba0d9a71add391802c20394576bb') in 0.340753 seconds 
========================================================================
Received Import Request.
  Time since last request: 0.000043 seconds.
  path: Assets/Images/textBox.bmp
  artifactKey: Guid(c9437d1edd9fb8f4888adc73e3b7870e) Importer(815301076,1909f56bfc062723c751e8b465ee728b)
Start importing Assets/Images/textBox.bmp using Guid(c9437d1edd9fb8f4888adc73e3b7870e) Importer(815301076,1909f56bfc062723c751e8b465ee728b)  -> (artifact id: '3e0b81861049abfc19c61e7f945b0a0e') in 0.075319 seconds 
========================================================================
Received Import Request.
  Time since last request: 1.732455 seconds.
  path: Assets/Images/organs-bones
  artifactKey: Guid(53d2d698f56e26d44b5ed25cf322b2fa) Importer(815301076,1909f56bfc062723c751e8b465ee728b)
Start importing Assets/Images/organs-bones using Guid(53d2d698f56e26d44b5ed25cf322b2fa) Importer(815301076,1909f56bfc062723c751e8b465ee728b)  -> (artifact id: 'dff01e02f8377776fdea41306aecb2ce') in 0.018113 seconds 
========================================================================
Received Import Request.
  Time since last request: 0.029127 seconds.
  path: Assets/Images/organs-bones/arrow.png
  artifactKey: Guid(b18109f0b04ab664185e96cd221c47db) Importer(815301076,1909f56bfc062723c751e8b465ee728b)
Start importing Assets/Images/organs-bones/arrow.png using Guid(b18109f0b04ab664185e96cd221c47db) Importer(815301076,1909f56bfc062723c751e8b465ee728b)  -> (artifact id: '0f5d5c8c80a01df5346590fc8f727caf') in 0.294897 seconds 
========================================================================
Received Import Request.
  Time since last request: 0.000030 seconds.
  path: Assets/Images/organs-bones/bladder.png
  artifactKey: Guid(c1afc863bd29e64408baade48a556f97) Importer(815301076,1909f56bfc062723c751e8b465ee728b)
Start importing Assets/Images/organs-bones/bladder.png using Guid(c1afc863bd29e64408baade48a556f97) Importer(815301076,1909f56bfc062723c751e8b465ee728b)  -> (artifact id: '944b2b21c139f544081ac2a05b5ff57c') in 0.122289 seconds 
========================================================================
Received Import Request.
  Time since last request: 0.000036 seconds.
  path: Assets/Images/organs-bones/Villi.png
  artifactKey: Guid(8e5674e0eaf3df74891c7f8b3078ea16) Importer(815301076,1909f56bfc062723c751e8b465ee728b)
Start importing Assets/Images/organs-bones/Villi.png using Guid(8e5674e0eaf3df74891c7f8b3078ea16) Importer(815301076,1909f56bfc062723c751e8b465ee728b)  -> (artifact id: 'bca4ca2a17d520a2b760d23e715a8ac4') in 0.065393 seconds 
========================================================================
Received Import Request.
  Time since last request: 10.624581 seconds.
  path: Assets/Images/organs-bones/toppng.com-eyeballs-blue-eyes-eye-balls-838x675.png
  artifactKey: Guid(1e72ffeab5e32f547bfb3ca4d4863923) Importer(815301076,1909f56bfc062723c751e8b465ee728b)
Start importing Assets/Images/organs-bones/toppng.com-eyeballs-blue-eyes-eye-balls-838x675.png using Guid(1e72ffeab5e32f547bfb3ca4d4863923) Importer(815301076,1909f56bfc062723c751e8b465ee728b)  -> (artifact id: '229cf3f76a56b45879ac53941ab1b709') in 0.037676 seconds 
========================================================================
Received Import Request.
  Time since last request: 6.595670 seconds.
  path: Assets/Images/organs-bones/eyes.png
  artifactKey: Guid(1e72ffeab5e32f547bfb3ca4d4863923) Importer(815301076,1909f56bfc062723c751e8b465ee728b)
Start importing Assets/Images/organs-bones/eyes.png using Guid(1e72ffeab5e32f547bfb3ca4d4863923) Importer(815301076,1909f56bfc062723c751e8b465ee728b)  -> (artifact id: '43b7117dd1960981973a03d8c3faf5c2') in 0.022014 seconds 
========================================================================
Received Import Request.
  Time since last request: 6.477195 seconds.
  path: Assets/Images/organs-bones/eyes.png
  artifactKey: Guid(1e72ffeab5e32f547bfb3ca4d4863923) Importer(815301076,1909f56bfc062723c751e8b465ee728b)
Start importing Assets/Images/organs-bones/eyes.png using Guid(1e72ffeab5e32f547bfb3ca4d4863923) Importer(815301076,1909f56bfc062723c751e8b465ee728b)  -> (artifact id: 'de9383faf8a74799da53661349ab4572') in 0.026177 seconds 
========================================================================
Received Import Request.
  Time since last request: 190.346935 seconds.
  path: Assets/Images/organs-bones/eyes.png
  artifactKey: Guid(1e72ffeab5e32f547bfb3ca4d4863923) Importer(815301076,1909f56bfc062723c751e8b465ee728b)
Start importing Assets/Images/organs-bones/eyes.png using Guid(1e72ffeab5e32f547bfb3ca4d4863923) Importer(815301076,1909f56bfc062723c751e8b465ee728b)  -> (artifact id: '820a352e74a42263b586f2d0325b8fbc') in 0.109014 seconds 
========================================================================
Received Prepare
Registering precompiled user dll's ...
Registered in 0.013339 seconds.
Begin MonoManager ReloadAssembly
Symbol file LoadedFromMemory doesn't match image C:\Users\simone.luca\Documents\GitHub\Il-Mio-Corpo\IlMioCorpo\Library\PackageCache\com.unity.visualscripting@1.7.8\Editor\VisualScripting.Core\Dependencies\YamlDotNet\Unity.VisualScripting.YamlDotNet.dll
Symbol file LoadedFromMemory doesn't match image C:\Users\simone.luca\Documents\GitHub\Il-Mio-Corpo\IlMioCorpo\Library\PackageCache\com.unity.visualscripting@1.7.8\Editor\VisualScripting.Core\Dependencies\DotNetZip\Unity.VisualScripting.IonicZip.dll
Native extension for WindowsStandalone target not found
Native extension for Android target not found
Native extension for WebGL target not found
Refreshing native plugins compatible for Editor in 0.69 ms, found 3 plugins.
Preloading 0 native plugins for Editor in 0.00 ms.
Mono: successfully reloaded assembly
- Completed reload, in  1.509 seconds
Domain Reload Profiling:
	ReloadAssembly (1510ms)
		BeginReloadAssembly (212ms)
			ExecutionOrderSort (0ms)
			DisableScriptedObjects (10ms)
			BackupInstance (0ms)
			ReleaseScriptingObjects (0ms)
			CreateAndSetChildDomain (56ms)
		EndReloadAssembly (1134ms)
			LoadAssemblies (142ms)
			RebuildTransferFunctionScriptingTraits (0ms)
			SetupTypeCache (452ms)
			ReleaseScriptCaches (1ms)
			RebuildScriptCaches (51ms)
			SetupLoadedEditorAssemblies (449ms)
				LogAssemblyErrors (0ms)
				InitializePlatformSupportModulesInManaged (32ms)
				SetLoadedEditorAssemblies (1ms)
				RefreshPlugins (1ms)
				BeforeProcessingInitializeOnLoad (89ms)
				ProcessInitializeOnLoadAttributes (278ms)
				ProcessInitializeOnLoadMethodAttributes (38ms)
				AfterProcessingInitializeOnLoad (10ms)
				EditorAssembliesLoaded (0ms)
			ExecutionOrderSort2 (0ms)
			AwakeInstancesAfterBackupRestoration (8ms)
Platform modules already initialized, skipping
Refreshing native plugins compatible for Editor in 2.31 ms, found 3 plugins.
Preloading 0 native plugins for Editor in 0.00 ms.
Unloading 3434 Unused Serialized files (Serialized files now loaded: 0)
Unloading 20 unused Assets / (80.0 KB). Loaded Objects now: 3958.
Memory consumption went from 126.3 MB to 126.3 MB.
Total: 3.491900 ms (FindLiveObjects: 0.315700 ms CreateObjectMapping: 0.227800 ms MarkObjects: 2.837200 ms  DeleteObjects: 0.110000 ms)

AssetImportParameters requested are different than current active one (requested -> active):
  custom:video-decoder-ogg-theora: a1e56fd34408186e4bbccfd4996cb3dc -> 
  custom:container-muxer-webm: aa71ff27fc2769a1b78a27578f13a17b -> 
  custom:container-demuxer-webm: 4f35f7cbe854078d1ac9338744f61a02 -> 
  custom:video-encoder-webm-vp8: eb34c28f22e8b96e1ab97ce403110664 -> 
  custom:audio-encoder-webm-vorbis: bf7c407c2cedff20999df2af8eb42d56 -> 
  custom:framework-win-MediaFoundation: 216162199b28c13a410421893ffa2e32 -> 
  custom:container-demuxer-ogg: 62fdf1f143b41e24485cea50d1cbac27 -> 
  custom:video-decoder-webm-vp8: 9c59270c3fd7afecdb556c50c9e8de78 -> 
  custom:audio-decoder-ogg-vorbis: bf7c407c2cedff20999df2af8eb42d56 -> 
========================================================================
Received Prepare
Registering precompiled user dll's ...
Registered in 0.009759 seconds.
Begin MonoManager ReloadAssembly
Symbol file LoadedFromMemory doesn't match image C:\Users\simone.luca\Documents\GitHub\Il-Mio-Corpo\IlMioCorpo\Library\PackageCache\com.unity.visualscripting@1.7.8\Editor\VisualScripting.Core\Dependencies\YamlDotNet\Unity.VisualScripting.YamlDotNet.dll
Symbol file LoadedFromMemory doesn't match image C:\Users\simone.luca\Documents\GitHub\Il-Mio-Corpo\IlMioCorpo\Library\PackageCache\com.unity.visualscripting@1.7.8\Editor\VisualScripting.Core\Dependencies\DotNetZip\Unity.VisualScripting.IonicZip.dll
Native extension for WindowsStandalone target not found
Native extension for Android target not found
Native extension for WebGL target not found
Refreshing native plugins compatible for Editor in 1.35 ms, found 3 plugins.
Preloading 0 native plugins for Editor in 0.00 ms.
Mono: successfully reloaded assembly
- Completed reload, in  2.867 seconds
Domain Reload Profiling:
	ReloadAssembly (2868ms)
		BeginReloadAssembly (202ms)
			ExecutionOrderSort (0ms)
			DisableScriptedObjects (10ms)
			BackupInstance (0ms)
			ReleaseScriptingObjects (0ms)
			CreateAndSetChildDomain (49ms)
		EndReloadAssembly (2493ms)
			LoadAssemblies (147ms)
			RebuildTransferFunctionScriptingTraits (0ms)
			SetupTypeCache (775ms)
			ReleaseScriptCaches (2ms)
			RebuildScriptCaches (229ms)
			SetupLoadedEditorAssemblies (1022ms)
				LogAssemblyErrors (0ms)
				InitializePlatformSupportModulesInManaged (68ms)
				SetLoadedEditorAssemblies (1ms)
				RefreshPlugins (1ms)
				BeforeProcessingInitializeOnLoad (237ms)
				ProcessInitializeOnLoadAttributes (669ms)
				ProcessInitializeOnLoadMethodAttributes (35ms)
				AfterProcessingInitializeOnLoad (10ms)
				EditorAssembliesLoaded (0ms)
			ExecutionOrderSort2 (0ms)
			AwakeInstancesAfterBackupRestoration (8ms)
Platform modules already initialized, skipping
Refreshing native plugins compatible for Editor in 2.36 ms, found 3 plugins.
Preloading 0 native plugins for Editor in 0.00 ms.
Unloading 3434 Unused Serialized files (Serialized files now loaded: 0)
Unloading 20 unused Assets / (79.9 KB). Loaded Objects now: 3961.
Memory consumption went from 126.4 MB to 126.3 MB.
Total: 4.065500 ms (FindLiveObjects: 0.423900 ms CreateObjectMapping: 0.463400 ms MarkObjects: 3.074800 ms  DeleteObjects: 0.102300 ms)

AssetImportParameters requested are different than current active one (requested -> active):
  custom:video-decoder-ogg-theora: a1e56fd34408186e4bbccfd4996cb3dc -> 
  custom:container-muxer-webm: aa71ff27fc2769a1b78a27578f13a17b -> 
  custom:container-demuxer-webm: 4f35f7cbe854078d1ac9338744f61a02 -> 
  custom:video-encoder-webm-vp8: eb34c28f22e8b96e1ab97ce403110664 -> 
  custom:audio-encoder-webm-vorbis: bf7c407c2cedff20999df2af8eb42d56 -> 
  custom:framework-win-MediaFoundation: 216162199b28c13a410421893ffa2e32 -> 
  custom:container-demuxer-ogg: 62fdf1f143b41e24485cea50d1cbac27 -> 
  custom:video-decoder-webm-vp8: 9c59270c3fd7afecdb556c50c9e8de78 -> 
  custom:audio-decoder-ogg-vorbis: bf7c407c2cedff20999df2af8eb42d56 -> 
